<?xml version="1.0" encoding="UTF-8"?>
<testsuite xmlns:xsi="http://www.w3.org/2001/XMLSchema-instance" xsi:noNamespaceSchemaLocation="https://maven.apache.org/surefire/maven-surefire-plugin/xsd/surefire-test-report.xsd" name="com.example.AppTest" time="0.09" tests="9" errors="0" skipped="0" failures="0">
  <properties>
[...]
</properties>
  <testcase name="shouldSaveMyArraygSetting" classname="com.example.AppTest" time="0.028"/>
  <testcase name="shouldReadMyArraySetting" classname="com.example.AppTest" time="0.015"/>
  <testcase name="shouldValidateIfConfigTestExist" classname="com.example.AppTest" time="0.002"/>
  <testcase name="ReadAExcelFile" classname="com.example.AppTest" time="0"/>
  <testcase name="createAExcel" classname="com.example.AppTest" time="0"/>
  <testcase name="validateHotmail" classname="com.example.AppTest" time="0.001"/>
  <testcase name="createUser" classname="com.example.AppTest" time="0"/>
  <testcase name="validateGmail" classname="com.example.AppTest" time="0.001"/>
  <testcase name="serializeOneUser" classname="com.example.AppTest" time="0"/>
</testsuite>